<?xml version="1.0" encoding="UTF-8"?>
<testng-results skipped="0" failed="1" ignored="14" total="15" passed="0">
  <reporter-output>
  </reporter-output>
  <suite name="Default suite" duration-ms="338" started-at="2021-10-22T16:56:35 IST" finished-at="2021-10-22T16:56:36 IST">
    <groups>
    </groups>
    <test name="Default test" duration-ms="338" started-at="2021-10-22T16:56:35 IST" finished-at="2021-10-22T16:56:36 IST">
      <class name="TestCaseTrial.UsersPage1">
        <test-method status="PASS" signature="setUp()[pri:0, instance:TestCaseTrial.UsersPage1@4493d195]" name="setUp" is-config="true" duration-ms="2551" started-at="2021-10-22T16:56:33 IST" finished-at="2021-10-22T16:56:35 IST">
          <reporter-output>
          </reporter-output>
        </test-method> <!-- setUp -->
        <test-method status="FAIL" signature="emailEndsWith()[pri:10, instance:TestCaseTrial.UsersPage1@4493d195]" name="emailEndsWith" duration-ms="294" started-at="2021-10-22T16:56:35 IST" finished-at="2021-10-22T16:56:36 IST">
          <exception class="java.lang.AssertionError">
            <message>
              <![CDATA[Lists differ at element [1]: sagar@gmail.com != sagar@javabykiran.com expected [sagar@gmail.com] but found [sagar@javabykiran.com]]]>
            </message>
            <full-stacktrace>
              <![CDATA[java.lang.AssertionError: Lists differ at element [1]: sagar@gmail.com != sagar@javabykiran.com expected [sagar@gmail.com] but found [sagar@javabykiran.com]
at org.testng.Assert.fail(Assert.java:99)
at org.testng.Assert.failNotEquals(Assert.java:1037)
at org.testng.Assert.assertEqualsImpl(Assert.java:140)
at org.testng.Assert.assertEquals(Assert.java:1103)
at org.testng.Assert.assertEquals(Assert.java:1065)
at TestCaseTrial.UsersPage1.emailEndsWith(UsersPage1.java:170)
at sun.reflect.NativeMethodAccessorImpl.invoke0(Native Method)
at sun.reflect.NativeMethodAccessorImpl.invoke(Unknown Source)
at sun.reflect.DelegatingMethodAccessorImpl.invoke(Unknown Source)
at java.lang.reflect.Method.invoke(Unknown Source)
at org.testng.internal.MethodInvocationHelper.invokeMethod(MethodInvocationHelper.java:133)
at org.testng.internal.TestInvoker.invokeMethod(TestInvoker.java:598)
at org.testng.internal.TestInvoker.invokeTestMethod(TestInvoker.java:173)
at org.testng.internal.MethodRunner.runInSequence(MethodRunner.java:46)
at org.testng.internal.TestInvoker$MethodInvocationAgent.invoke(TestInvoker.java:824)
at org.testng.internal.TestInvoker.invokeTestMethods(TestInvoker.java:146)
at org.testng.internal.TestMethodWorker.invokeTestMethods(TestMethodWorker.java:146)
at org.testng.internal.TestMethodWorker.run(TestMethodWorker.java:128)
at java.util.ArrayList.forEach(Unknown Source)
at org.testng.TestRunner.privateRun(TestRunner.java:794)
at org.testng.TestRunner.run(TestRunner.java:596)
at org.testng.SuiteRunner.runTest(SuiteRunner.java:377)
at org.testng.SuiteRunner.runSequentially(SuiteRunner.java:371)
at org.testng.SuiteRunner.privateRun(SuiteRunner.java:332)
at org.testng.SuiteRunner.run(SuiteRunner.java:276)
at org.testng.SuiteRunnerWorker.runSuite(SuiteRunnerWorker.java:53)
at org.testng.SuiteRunnerWorker.run(SuiteRunnerWorker.java:96)
at org.testng.TestNG.runSuitesSequentially(TestNG.java:1212)
at org.testng.TestNG.runSuitesLocally(TestNG.java:1134)
at org.testng.TestNG.runSuites(TestNG.java:1063)
at org.testng.TestNG.run(TestNG.java:1031)
at org.testng.remote.AbstractRemoteTestNG.run(AbstractRemoteTestNG.java:115)
at org.testng.remote.RemoteTestNG.initAndRun(RemoteTestNG.java:251)
at org.testng.remote.RemoteTestNG.main(RemoteTestNG.java:77)
]]>
            </full-stacktrace>
          </exception> <!-- java.lang.AssertionError -->
          <reporter-output>
          </reporter-output>
        </test-method> <!-- emailEndsWith -->
        <test-method status="PASS" signature="tearDown()[pri:0, instance:TestCaseTrial.UsersPage1@4493d195]" name="tearDown" is-config="true" duration-ms="659" started-at="2021-10-22T16:56:36 IST" finished-at="2021-10-22T16:56:36 IST">
          <reporter-output>
          </reporter-output>
        </test-method> <!-- tearDown -->
      </class> <!-- TestCaseTrial.UsersPage1 -->
    </test> <!-- Default test -->
  </suite> <!-- Default suite -->
</testng-results>
